<?xml version="1.0" encoding="UTF-8"?>
<testng-results skipped="0" failed="0" total="1" passed="1">
  <reporter-output>
  </reporter-output>
  <suite name="Suite" duration-ms="46168" started-at="2019-08-27T04:16:25Z" finished-at="2019-08-27T04:17:11Z">
    <groups>
    </groups>
    <test name="Test" duration-ms="46168" started-at="2019-08-27T04:16:25Z" finished-at="2019-08-27T04:17:11Z">
      <class name="com.learnautomation.testcases.LoginTestCRM">
        <test-method status="PASS" signature="setUpSuite()[pri:0, instance:com.learnautomation.testcases.LoginTestCRM@1fbc7afb]" name="setUpSuite" is-config="true" duration-ms="3488" started-at="2019-08-27T09:46:21Z" finished-at="2019-08-27T09:46:25Z">
          <reporter-output>
          </reporter-output>
        </test-method> <!-- setUpSuite -->
        <test-method status="PASS" signature="setup()[pri:0, instance:com.learnautomation.testcases.LoginTestCRM@1fbc7afb]" name="setup" is-config="true" duration-ms="14046" started-at="2019-08-27T09:46:25Z" finished-at="2019-08-27T09:46:39Z">
          <reporter-output>
          </reporter-output>
        </test-method> <!-- setup -->
        <test-method status="PASS" signature="loginApp()[pri:0, instance:com.learnautomation.testcases.LoginTestCRM@1fbc7afb]" name="loginApp" duration-ms="25813" started-at="2019-08-27T09:46:39Z" finished-at="2019-08-27T09:47:05Z">
          <reporter-output>
          </reporter-output>
        </test-method> <!-- loginApp -->
        <test-method status="PASS" signature="tearDownMethod(org.testng.ITestResult)[pri:0, instance:com.learnautomation.testcases.LoginTestCRM@1fbc7afb]" name="tearDownMethod" is-config="true" duration-ms="5033" started-at="2019-08-27T09:47:05Z" finished-at="2019-08-27T09:47:10Z">
          <params>
            <param index="0">
              <value>
                <![CDATA[[TestResult name=loginApp status=SUCCESS method=LoginTestCRM.loginApp()[pri:0, instance:com.learnautomation.testcases.LoginTestCRM@1fbc7afb] output={null}]]]>
              </value>
            </param>
          </params>
          <reporter-output>
          </reporter-output>
        </test-method> <!-- tearDownMethod -->
        <test-method status="PASS" signature="tearDown()[pri:0, instance:com.learnautomation.testcases.LoginTestCRM@1fbc7afb]" name="tearDown" is-config="true" duration-ms="1250" started-at="2019-08-27T09:47:10Z" finished-at="2019-08-27T09:47:11Z">
          <reporter-output>
          </reporter-output>
        </test-method> <!-- tearDown -->
      </class> <!-- com.learnautomation.testcases.LoginTestCRM -->
    </test> <!-- Test -->
  </suite> <!-- Suite -->
</testng-results>
